/BATCH  
/COM,ANSYS RELEASE 2019 R2           BUILD 19.4      UP20190416       22:03:35
/input,menust,tmp,''
/GRA,POWER
/GST,ON
/PLO,INFO,3
/GRO,CURL,ON
/CPLANE,1   
/REPLOT,RESIZE  
WPSTYLE,,,,,,,,0
/REPLOT,RESIZE  
/REPLOT,RESIZE  
/input,beso_2020,in 
/BATCH  
/COM,ANSYS RELEASE 2019 R2           BUILD 19.4      UP20190416       22:16:31
/COM,ANSYS RELEASE 2019 R2           BUILD 19.4      UP20190416       22:16:31
/BATCH  
/COM,ANSYS RELEASE 2019 R2           BUILD 19.4      UP20190416       22:19:06
/COM,ANSYS RELEASE 2019 R2           BUILD 19.4      UP20190416       22:19:06
/BATCH  
/COM,ANSYS RELEASE 2019 R2           BUILD 19.4      UP20190416       22:23:19
/COM,ANSYS RELEASE 2019 R2           BUILD 19.4      UP20190416       22:23:19
