
 *****  ANSYS SOLUTION ROUTINE  *****

                      L O A D   S T E P   O P T I O N S

   LOAD STEP NUMBER. . . . . . . . . . . . . . . .     1
   TIME AT END OF THE LOAD STEP. . . . . . . . . .  1.0000    
   NUMBER OF SUBSTEPS. . . . . . . . . . . . . . .     1
   STEP CHANGE BOUNDARY CONDITIONS . . . . . . . .    NO
   PRINT OUTPUT CONTROLS . . . . . . . . . . . . .NO PRINTOUT
   DATABASE OUTPUT CONTROLS. . . . . . . . . . . .ALL DATA WRITTEN
                                                  FOR THE LAST SUBSTEP



  Local memory allocated for solver              =     52.419 MB
  Local memory required for in-core solution     =     50.100 MB
  Local memory required for out-of-core solution =     21.635 MB

 *** NOTE ***                            CP =       0.625   TIME= 22:23:33
 The Distributed Sparse Matrix Solver is currently running in the        
 in-core memory mode.  This memory mode uses the most amount of memory   
 in order to avoid using the hard drive as much as possible, which most  
 often results in the fastest solution time.  This mode is recommended   
 if enough physical memory is present to accommodate all of the solver   
 data.                                                                   

   *** ELEMENT RESULT CALCULATION TIMES
     TYPE    NUMBER   ENAME      TOTAL CP  AVE CP

        1     15625  SOLID185      1.234   0.000079

   *** NODAL LOAD CALCULATION TIMES
     TYPE    NUMBER   ENAME      TOTAL CP  AVE CP

        1     15625  SOLID185      0.062   0.000004
 *** LOAD STEP     1   SUBSTEP     1  COMPLETED.    CUM ITER =      1
 *** TIME =   1.00000         TIME INC =   1.00000      NEW TRIANG MATRIX


 *** ANSYS BINARY FILE STATISTICS
  BUFFER SIZE USED= 16384
        1.875 MB WRITTEN ON ASSEMBLED MATRIX FILE: beso_2020_1.full
        1.562 MB WRITTEN ON RESULTS FILE: beso_2020_1.rst

 FINISH SOLUTION PROCESSING


 ***** ROUTINE COMPLETED *****  CP =         1.469



 *****  ANSYS SOLUTION ROUTINE  *****

                      L O A D   S T E P   O P T I O N S

   LOAD STEP NUMBER. . . . . . . . . . . . . . . .     1
   TIME AT END OF THE LOAD STEP. . . . . . . . . .  1.0000    
   NUMBER OF SUBSTEPS. . . . . . . . . . . . . . .     1
   STEP CHANGE BOUNDARY CONDITIONS . . . . . . . .    NO
   PRINT OUTPUT CONTROLS . . . . . . . . . . . . .NO PRINTOUT
   DATABASE OUTPUT CONTROLS. . . . . . . . . . . .ALL DATA WRITTEN
                                                  FOR THE LAST SUBSTEP



  Local memory allocated for solver              =     52.419 MB
  Local memory required for in-core solution     =     50.100 MB
  Local memory required for out-of-core solution =     21.635 MB

 *** NOTE ***                            CP =       1.859   TIME= 22:23:50
 The Distributed Sparse Matrix Solver is currently running in the        
 in-core memory mode.  This memory mode uses the most amount of memory   
 in order to avoid using the hard drive as much as possible, which most  
 often results in the fastest solution time.  This mode is recommended   
 if enough physical memory is present to accommodate all of the solver   
 data.                                                                   

   *** ELEMENT RESULT CALCULATION TIMES
     TYPE    NUMBER   ENAME      TOTAL CP  AVE CP

        1     15625  SOLID185      1.078   0.000069

   *** NODAL LOAD CALCULATION TIMES
     TYPE    NUMBER   ENAME      TOTAL CP  AVE CP

        1     15625  SOLID185      0.125   0.000008
 *** LOAD STEP     1   SUBSTEP     1  COMPLETED.    CUM ITER =      1
 *** TIME =   1.00000         TIME INC =   1.00000      NEW TRIANG MATRIX


 *** ANSYS BINARY FILE STATISTICS
  BUFFER SIZE USED= 16384
        1.938 MB WRITTEN ON ASSEMBLED MATRIX FILE: beso_2020_1.full
        1.562 MB WRITTEN ON RESULTS FILE: beso_2020_1.rst

 FINISH SOLUTION PROCESSING


 ***** ROUTINE COMPLETED *****  CP =         2.547



 *****  ANSYS SOLUTION ROUTINE  *****

                      L O A D   S T E P   O P T I O N S

   LOAD STEP NUMBER. . . . . . . . . . . . . . . .     1
   TIME AT END OF THE LOAD STEP. . . . . . . . . .  1.0000    
   NUMBER OF SUBSTEPS. . . . . . . . . . . . . . .     1
   STEP CHANGE BOUNDARY CONDITIONS . . . . . . . .    NO
   PRINT OUTPUT CONTROLS . . . . . . . . . . . . .NO PRINTOUT
   DATABASE OUTPUT CONTROLS. . . . . . . . . . . .ALL DATA WRITTEN
                                                  FOR THE LAST SUBSTEP



  Local memory allocated for solver              =     52.419 MB
  Local memory required for in-core solution     =     50.100 MB
  Local memory required for out-of-core solution =     21.635 MB

 *** NOTE ***                            CP =       2.906   TIME= 22:24:11
 The Distributed Sparse Matrix Solver is currently running in the        
 in-core memory mode.  This memory mode uses the most amount of memory   
 in order to avoid using the hard drive as much as possible, which most  
 often results in the fastest solution time.  This mode is recommended   
 if enough physical memory is present to accommodate all of the solver   
 data.                                                                   

   *** ELEMENT RESULT CALCULATION TIMES
     TYPE    NUMBER   ENAME      TOTAL CP  AVE CP

        1     15625  SOLID185      1.188   0.000076

   *** NODAL LOAD CALCULATION TIMES
     TYPE    NUMBER   ENAME      TOTAL CP  AVE CP

        1     15625  SOLID185      0.141   0.000009
 *** LOAD STEP     1   SUBSTEP     1  COMPLETED.    CUM ITER =      1
 *** TIME =   1.00000         TIME INC =   1.00000      NEW TRIANG MATRIX


 *** ANSYS BINARY FILE STATISTICS
  BUFFER SIZE USED= 16384
        1.938 MB WRITTEN ON ASSEMBLED MATRIX FILE: beso_2020_1.full
        1.562 MB WRITTEN ON RESULTS FILE: beso_2020_1.rst

 FINISH SOLUTION PROCESSING


 ***** ROUTINE COMPLETED *****  CP =         3.672



 *****  ANSYS SOLUTION ROUTINE  *****

                      L O A D   S T E P   O P T I O N S

   LOAD STEP NUMBER. . . . . . . . . . . . . . . .     1
   TIME AT END OF THE LOAD STEP. . . . . . . . . .  1.0000    
   NUMBER OF SUBSTEPS. . . . . . . . . . . . . . .     1
   STEP CHANGE BOUNDARY CONDITIONS . . . . . . . .    NO
   PRINT OUTPUT CONTROLS . . . . . . . . . . . . .NO PRINTOUT
   DATABASE OUTPUT CONTROLS. . . . . . . . . . . .ALL DATA WRITTEN
                                                  FOR THE LAST SUBSTEP



  Local memory allocated for solver              =     52.419 MB
  Local memory required for in-core solution     =     50.100 MB
  Local memory required for out-of-core solution =     21.635 MB

 *** NOTE ***                            CP =       3.969   TIME= 22:24:31
 The Distributed Sparse Matrix Solver is currently running in the        
 in-core memory mode.  This memory mode uses the most amount of memory   
 in order to avoid using the hard drive as much as possible, which most  
 often results in the fastest solution time.  This mode is recommended   
 if enough physical memory is present to accommodate all of the solver   
 data.                                                                   

   *** ELEMENT RESULT CALCULATION TIMES
     TYPE    NUMBER   ENAME      TOTAL CP  AVE CP

        1     15625  SOLID185      1.078   0.000069

   *** NODAL LOAD CALCULATION TIMES
     TYPE    NUMBER   ENAME      TOTAL CP  AVE CP

        1     15625  SOLID185      0.156   0.000010
 *** LOAD STEP     1   SUBSTEP     1  COMPLETED.    CUM ITER =      1
 *** TIME =   1.00000         TIME INC =   1.00000      NEW TRIANG MATRIX


 *** ANSYS BINARY FILE STATISTICS
  BUFFER SIZE USED= 16384
        1.938 MB WRITTEN ON ASSEMBLED MATRIX FILE: beso_2020_1.full
        1.562 MB WRITTEN ON RESULTS FILE: beso_2020_1.rst

 FINISH SOLUTION PROCESSING


 ***** ROUTINE COMPLETED *****  CP =         4.719



 *****  ANSYS SOLUTION ROUTINE  *****

                      L O A D   S T E P   O P T I O N S

   LOAD STEP NUMBER. . . . . . . . . . . . . . . .     1
   TIME AT END OF THE LOAD STEP. . . . . . . . . .  1.0000    
   NUMBER OF SUBSTEPS. . . . . . . . . . . . . . .     1
   STEP CHANGE BOUNDARY CONDITIONS . . . . . . . .    NO
   PRINT OUTPUT CONTROLS . . . . . . . . . . . . .NO PRINTOUT
   DATABASE OUTPUT CONTROLS. . . . . . . . . . . .ALL DATA WRITTEN
                                                  FOR THE LAST SUBSTEP



  Local memory allocated for solver              =     52.419 MB
  Local memory required for in-core solution     =     50.100 MB
  Local memory required for out-of-core solution =     21.635 MB

 *** NOTE ***                            CP =       5.062   TIME= 22:24:52
 The Distributed Sparse Matrix Solver is currently running in the        
 in-core memory mode.  This memory mode uses the most amount of memory   
 in order to avoid using the hard drive as much as possible, which most  
 often results in the fastest solution time.  This mode is recommended   
 if enough physical memory is present to accommodate all of the solver   
 data.                                                                   

   *** ELEMENT RESULT CALCULATION TIMES
     TYPE    NUMBER   ENAME      TOTAL CP  AVE CP

        1     15625  SOLID185      1.031   0.000066

   *** NODAL LOAD CALCULATION TIMES
     TYPE    NUMBER   ENAME      TOTAL CP  AVE CP

        1     15625  SOLID185      0.109   0.000007
 *** LOAD STEP     1   SUBSTEP     1  COMPLETED.    CUM ITER =      1
 *** TIME =   1.00000         TIME INC =   1.00000      NEW TRIANG MATRIX


 *** ANSYS BINARY FILE STATISTICS
  BUFFER SIZE USED= 16384
        1.938 MB WRITTEN ON ASSEMBLED MATRIX FILE: beso_2020_1.full
        1.562 MB WRITTEN ON RESULTS FILE: beso_2020_1.rst

 FINISH SOLUTION PROCESSING


 ***** ROUTINE COMPLETED *****  CP =         5.797



 *****  ANSYS SOLUTION ROUTINE  *****

                      L O A D   S T E P   O P T I O N S

   LOAD STEP NUMBER. . . . . . . . . . . . . . . .     1
   TIME AT END OF THE LOAD STEP. . . . . . . . . .  1.0000    
   NUMBER OF SUBSTEPS. . . . . . . . . . . . . . .     1
   STEP CHANGE BOUNDARY CONDITIONS . . . . . . . .    NO
   PRINT OUTPUT CONTROLS . . . . . . . . . . . . .NO PRINTOUT
   DATABASE OUTPUT CONTROLS. . . . . . . . . . . .ALL DATA WRITTEN
                                                  FOR THE LAST SUBSTEP



  Local memory allocated for solver              =     52.419 MB
  Local memory required for in-core solution     =     50.100 MB
  Local memory required for out-of-core solution =     21.635 MB

 *** NOTE ***                            CP =       6.109   TIME= 22:25:11
 The Distributed Sparse Matrix Solver is currently running in the        
 in-core memory mode.  This memory mode uses the most amount of memory   
 in order to avoid using the hard drive as much as possible, which most  
 often results in the fastest solution time.  This mode is recommended   
 if enough physical memory is present to accommodate all of the solver   
 data.                                                                   

   *** ELEMENT RESULT CALCULATION TIMES
     TYPE    NUMBER   ENAME      TOTAL CP  AVE CP

        1     15625  SOLID185      1.016   0.000065

   *** NODAL LOAD CALCULATION TIMES
     TYPE    NUMBER   ENAME      TOTAL CP  AVE CP

        1     15625  SOLID185      0.141   0.000009
 *** LOAD STEP     1   SUBSTEP     1  COMPLETED.    CUM ITER =      1
 *** TIME =   1.00000         TIME INC =   1.00000      NEW TRIANG MATRIX


 *** ANSYS BINARY FILE STATISTICS
  BUFFER SIZE USED= 16384
        1.938 MB WRITTEN ON ASSEMBLED MATRIX FILE: beso_2020_1.full
        1.562 MB WRITTEN ON RESULTS FILE: beso_2020_1.rst

 FINISH SOLUTION PROCESSING


 ***** ROUTINE COMPLETED *****  CP =         6.828



 *****  ANSYS SOLUTION ROUTINE  *****

                      L O A D   S T E P   O P T I O N S

   LOAD STEP NUMBER. . . . . . . . . . . . . . . .     1
   TIME AT END OF THE LOAD STEP. . . . . . . . . .  1.0000    
   NUMBER OF SUBSTEPS. . . . . . . . . . . . . . .     1
   STEP CHANGE BOUNDARY CONDITIONS . . . . . . . .    NO
   PRINT OUTPUT CONTROLS . . . . . . . . . . . . .NO PRINTOUT
   DATABASE OUTPUT CONTROLS. . . . . . . . . . . .ALL DATA WRITTEN
                                                  FOR THE LAST SUBSTEP



  Local memory allocated for solver              =     52.419 MB
  Local memory required for in-core solution     =     50.100 MB
  Local memory required for out-of-core solution =     21.635 MB

 *** NOTE ***                            CP =       7.156   TIME= 22:25:32
 The Distributed Sparse Matrix Solver is currently running in the        
 in-core memory mode.  This memory mode uses the most amount of memory   
 in order to avoid using the hard drive as much as possible, which most  
 often results in the fastest solution time.  This mode is recommended   
 if enough physical memory is present to accommodate all of the solver   
 data.                                                                   

   *** ELEMENT RESULT CALCULATION TIMES
     TYPE    NUMBER   ENAME      TOTAL CP  AVE CP

        1     15625  SOLID185      1.031   0.000066

   *** NODAL LOAD CALCULATION TIMES
     TYPE    NUMBER   ENAME      TOTAL CP  AVE CP

        1     15625  SOLID185      0.125   0.000008
 *** LOAD STEP     1   SUBSTEP     1  COMPLETED.    CUM ITER =      1
 *** TIME =   1.00000         TIME INC =   1.00000      NEW TRIANG MATRIX


 *** ANSYS BINARY FILE STATISTICS
  BUFFER SIZE USED= 16384
        1.938 MB WRITTEN ON ASSEMBLED MATRIX FILE: beso_2020_1.full
        1.562 MB WRITTEN ON RESULTS FILE: beso_2020_1.rst

 FINISH SOLUTION PROCESSING


 ***** ROUTINE COMPLETED *****  CP =         7.875



 *****  ANSYS SOLUTION ROUTINE  *****

                      L O A D   S T E P   O P T I O N S

   LOAD STEP NUMBER. . . . . . . . . . . . . . . .     1
   TIME AT END OF THE LOAD STEP. . . . . . . . . .  1.0000    
   NUMBER OF SUBSTEPS. . . . . . . . . . . . . . .     1
   STEP CHANGE BOUNDARY CONDITIONS . . . . . . . .    NO
   PRINT OUTPUT CONTROLS . . . . . . . . . . . . .NO PRINTOUT
   DATABASE OUTPUT CONTROLS. . . . . . . . . . . .ALL DATA WRITTEN
                                                  FOR THE LAST SUBSTEP



  Local memory allocated for solver              =     52.419 MB
  Local memory required for in-core solution     =     50.100 MB
  Local memory required for out-of-core solution =     21.635 MB

 *** NOTE ***                            CP =       8.266   TIME= 22:25:52
 The Distributed Sparse Matrix Solver is currently running in the        
 in-core memory mode.  This memory mode uses the most amount of memory   
 in order to avoid using the hard drive as much as possible, which most  
 often results in the fastest solution time.  This mode is recommended   
 if enough physical memory is present to accommodate all of the solver   
 data.                                                                   

   *** ELEMENT RESULT CALCULATION TIMES
     TYPE    NUMBER   ENAME      TOTAL CP  AVE CP

        1     15625  SOLID185      0.938   0.000060

   *** NODAL LOAD CALCULATION TIMES
     TYPE    NUMBER   ENAME      TOTAL CP  AVE CP

        1     15625  SOLID185      0.125   0.000008
 *** LOAD STEP     1   SUBSTEP     1  COMPLETED.    CUM ITER =      1
 *** TIME =   1.00000         TIME INC =   1.00000      NEW TRIANG MATRIX


 *** ANSYS BINARY FILE STATISTICS
  BUFFER SIZE USED= 16384
        1.938 MB WRITTEN ON ASSEMBLED MATRIX FILE: beso_2020_1.full
        1.562 MB WRITTEN ON RESULTS FILE: beso_2020_1.rst

 FINISH SOLUTION PROCESSING


 ***** ROUTINE COMPLETED *****  CP =         9.000



 *****  ANSYS SOLUTION ROUTINE  *****

                      L O A D   S T E P   O P T I O N S

   LOAD STEP NUMBER. . . . . . . . . . . . . . . .     1
   TIME AT END OF THE LOAD STEP. . . . . . . . . .  1.0000    
   NUMBER OF SUBSTEPS. . . . . . . . . . . . . . .     1
   STEP CHANGE BOUNDARY CONDITIONS . . . . . . . .    NO
   PRINT OUTPUT CONTROLS . . . . . . . . . . . . .NO PRINTOUT
   DATABASE OUTPUT CONTROLS. . . . . . . . . . . .ALL DATA WRITTEN
                                                  FOR THE LAST SUBSTEP



  Local memory allocated for solver              =     52.419 MB
  Local memory required for in-core solution     =     50.100 MB
  Local memory required for out-of-core solution =     21.635 MB

 *** NOTE ***                            CP =       9.375   TIME= 22:26:13
 The Distributed Sparse Matrix Solver is currently running in the        
 in-core memory mode.  This memory mode uses the most amount of memory   
 in order to avoid using the hard drive as much as possible, which most  
 often results in the fastest solution time.  This mode is recommended   
 if enough physical memory is present to accommodate all of the solver   
 data.                                                                   

   *** ELEMENT RESULT CALCULATION TIMES
     TYPE    NUMBER   ENAME      TOTAL CP  AVE CP

        1     15625  SOLID185      1.203   0.000077

   *** NODAL LOAD CALCULATION TIMES
     TYPE    NUMBER   ENAME      TOTAL CP  AVE CP

        1     15625  SOLID185      0.125   0.000008
 *** LOAD STEP     1   SUBSTEP     1  COMPLETED.    CUM ITER =      1
 *** TIME =   1.00000         TIME INC =   1.00000      NEW TRIANG MATRIX


 *** ANSYS BINARY FILE STATISTICS
  BUFFER SIZE USED= 16384
        1.938 MB WRITTEN ON ASSEMBLED MATRIX FILE: beso_2020_1.full
        1.562 MB WRITTEN ON RESULTS FILE: beso_2020_1.rst

 FINISH SOLUTION PROCESSING


 ***** ROUTINE COMPLETED *****  CP =        10.078



 *****  ANSYS SOLUTION ROUTINE  *****

                      L O A D   S T E P   O P T I O N S

   LOAD STEP NUMBER. . . . . . . . . . . . . . . .     1
   TIME AT END OF THE LOAD STEP. . . . . . . . . .  1.0000    
   NUMBER OF SUBSTEPS. . . . . . . . . . . . . . .     1
   STEP CHANGE BOUNDARY CONDITIONS . . . . . . . .    NO
   PRINT OUTPUT CONTROLS . . . . . . . . . . . . .NO PRINTOUT
   DATABASE OUTPUT CONTROLS. . . . . . . . . . . .ALL DATA WRITTEN
                                                  FOR THE LAST SUBSTEP



  Local memory allocated for solver              =     52.419 MB
  Local memory required for in-core solution     =     50.100 MB
  Local memory required for out-of-core solution =     21.635 MB

 *** NOTE ***                            CP =      10.453   TIME= 22:26:32
 The Distributed Sparse Matrix Solver is currently running in the        
 in-core memory mode.  This memory mode uses the most amount of memory   
 in order to avoid using the hard drive as much as possible, which most  
 often results in the fastest solution time.  This mode is recommended   
 if enough physical memory is present to accommodate all of the solver   
 data.                                                                   

   *** ELEMENT RESULT CALCULATION TIMES
     TYPE    NUMBER   ENAME      TOTAL CP  AVE CP

        1     15625  SOLID185      1.125   0.000072

   *** NODAL LOAD CALCULATION TIMES
     TYPE    NUMBER   ENAME      TOTAL CP  AVE CP

        1     15625  SOLID185      0.062   0.000004
 *** LOAD STEP     1   SUBSTEP     1  COMPLETED.    CUM ITER =      1
 *** TIME =   1.00000         TIME INC =   1.00000      NEW TRIANG MATRIX


 *** ANSYS BINARY FILE STATISTICS
  BUFFER SIZE USED= 16384
        1.938 MB WRITTEN ON ASSEMBLED MATRIX FILE: beso_2020_1.full
        1.562 MB WRITTEN ON RESULTS FILE: beso_2020_1.rst

 FINISH SOLUTION PROCESSING


 ***** ROUTINE COMPLETED *****  CP =        11.156



 *****  ANSYS SOLUTION ROUTINE  *****

                      L O A D   S T E P   O P T I O N S

   LOAD STEP NUMBER. . . . . . . . . . . . . . . .     1
   TIME AT END OF THE LOAD STEP. . . . . . . . . .  1.0000    
   NUMBER OF SUBSTEPS. . . . . . . . . . . . . . .     1
   STEP CHANGE BOUNDARY CONDITIONS . . . . . . . .    NO
   PRINT OUTPUT CONTROLS . . . . . . . . . . . . .NO PRINTOUT
   DATABASE OUTPUT CONTROLS. . . . . . . . . . . .ALL DATA WRITTEN
                                                  FOR THE LAST SUBSTEP



  Local memory allocated for solver              =     52.419 MB
  Local memory required for in-core solution     =     50.100 MB
  Local memory required for out-of-core solution =     21.635 MB

 *** NOTE ***                            CP =      11.516   TIME= 22:26:52
 The Distributed Sparse Matrix Solver is currently running in the        
 in-core memory mode.  This memory mode uses the most amount of memory   
 in order to avoid using the hard drive as much as possible, which most  
 often results in the fastest solution time.  This mode is recommended   
 if enough physical memory is present to accommodate all of the solver   
 data.                                                                   

   *** ELEMENT RESULT CALCULATION TIMES
     TYPE    NUMBER   ENAME      TOTAL CP  AVE CP

        1     15625  SOLID185      1.078   0.000069

   *** NODAL LOAD CALCULATION TIMES
     TYPE    NUMBER   ENAME      TOTAL CP  AVE CP

        1     15625  SOLID185      0.109   0.000007
 *** LOAD STEP     1   SUBSTEP     1  COMPLETED.    CUM ITER =      1
 *** TIME =   1.00000         TIME INC =   1.00000      NEW TRIANG MATRIX


 *** ANSYS BINARY FILE STATISTICS
  BUFFER SIZE USED= 16384
        1.938 MB WRITTEN ON ASSEMBLED MATRIX FILE: beso_2020_1.full
        1.562 MB WRITTEN ON RESULTS FILE: beso_2020_1.rst

 FINISH SOLUTION PROCESSING


 ***** ROUTINE COMPLETED *****  CP =        12.266



 *****  ANSYS SOLUTION ROUTINE  *****

                      L O A D   S T E P   O P T I O N S

   LOAD STEP NUMBER. . . . . . . . . . . . . . . .     1
   TIME AT END OF THE LOAD STEP. . . . . . . . . .  1.0000    
   NUMBER OF SUBSTEPS. . . . . . . . . . . . . . .     1
   STEP CHANGE BOUNDARY CONDITIONS . . . . . . . .    NO
   PRINT OUTPUT CONTROLS . . . . . . . . . . . . .NO PRINTOUT
   DATABASE OUTPUT CONTROLS. . . . . . . . . . . .ALL DATA WRITTEN
                                                  FOR THE LAST SUBSTEP



  Local memory allocated for solver              =     52.419 MB
  Local memory required for in-core solution     =     50.100 MB
  Local memory required for out-of-core solution =     21.635 MB

 *** NOTE ***                            CP =      12.594   TIME= 22:27:11
 The Distributed Sparse Matrix Solver is currently running in the        
 in-core memory mode.  This memory mode uses the most amount of memory   
 in order to avoid using the hard drive as much as possible, which most  
 often results in the fastest solution time.  This mode is recommended   
 if enough physical memory is present to accommodate all of the solver   
 data.                                                                   

   *** ELEMENT RESULT CALCULATION TIMES
     TYPE    NUMBER   ENAME      TOTAL CP  AVE CP

        1     15625  SOLID185      1.062   0.000068

   *** NODAL LOAD CALCULATION TIMES
     TYPE    NUMBER   ENAME      TOTAL CP  AVE CP

        1     15625  SOLID185      0.094   0.000006
 *** LOAD STEP     1   SUBSTEP     1  COMPLETED.    CUM ITER =      1
 *** TIME =   1.00000         TIME INC =   1.00000      NEW TRIANG MATRIX


 *** ANSYS BINARY FILE STATISTICS
  BUFFER SIZE USED= 16384
        1.938 MB WRITTEN ON ASSEMBLED MATRIX FILE: beso_2020_1.full
        1.562 MB WRITTEN ON RESULTS FILE: beso_2020_1.rst

 FINISH SOLUTION PROCESSING


 ***** ROUTINE COMPLETED *****  CP =        13.297



 *****  ANSYS SOLUTION ROUTINE  *****

                      L O A D   S T E P   O P T I O N S

   LOAD STEP NUMBER. . . . . . . . . . . . . . . .     1
   TIME AT END OF THE LOAD STEP. . . . . . . . . .  1.0000    
   NUMBER OF SUBSTEPS. . . . . . . . . . . . . . .     1
   STEP CHANGE BOUNDARY CONDITIONS . . . . . . . .    NO
   PRINT OUTPUT CONTROLS . . . . . . . . . . . . .NO PRINTOUT
   DATABASE OUTPUT CONTROLS. . . . . . . . . . . .ALL DATA WRITTEN
                                                  FOR THE LAST SUBSTEP



  Local memory allocated for solver              =     52.419 MB
  Local memory required for in-core solution     =     50.100 MB
  Local memory required for out-of-core solution =     21.635 MB

 *** NOTE ***                            CP =      13.672   TIME= 22:27:31
 The Distributed Sparse Matrix Solver is currently running in the        
 in-core memory mode.  This memory mode uses the most amount of memory   
 in order to avoid using the hard drive as much as possible, which most  
 often results in the fastest solution time.  This mode is recommended   
 if enough physical memory is present to accommodate all of the solver   
 data.                                                                   

   *** ELEMENT RESULT CALCULATION TIMES
     TYPE    NUMBER   ENAME      TOTAL CP  AVE CP

        1     15625  SOLID185      1.141   0.000073

   *** NODAL LOAD CALCULATION TIMES
     TYPE    NUMBER   ENAME      TOTAL CP  AVE CP

        1     15625  SOLID185      0.094   0.000006
 *** LOAD STEP     1   SUBSTEP     1  COMPLETED.    CUM ITER =      1
 *** TIME =   1.00000         TIME INC =   1.00000      NEW TRIANG MATRIX


 *** ANSYS BINARY FILE STATISTICS
  BUFFER SIZE USED= 16384
        1.938 MB WRITTEN ON ASSEMBLED MATRIX FILE: beso_2020_1.full
        1.562 MB WRITTEN ON RESULTS FILE: beso_2020_1.rst

 FINISH SOLUTION PROCESSING


 ***** ROUTINE COMPLETED *****  CP =        14.359



 ***** END OF INPUT ENCOUNTERED *****


 NUMBER OF WARNING MESSAGES ENCOUNTERED=          0
 NUMBER OF ERROR   MESSAGES ENCOUNTERED=          0


 *---------------------------------------------------------------------------*
 |                                                                           |
 |                       DISTRIBUTED ANSYS RUN COMPLETED                     |
 |                                                                           |
 |---------------------------------------------------------------------------|
 |                                                                           |
 | Ansys 2019 R2               Build 19.4         UP20190416     WINDOWS x64 |
 |                                                                           |
 |---------------------------------------------------------------------------|
 |                                                                           |
 | Database Requested(-db)     1 MB    Scratch Memory Requested      1024 MB |
 | Maximum Database Used       1 MB    Maximum Scratch Memory Used    198 MB |
 |                                                                           |
 |---------------------------------------------------------------------------|
 |                                                                           |
 |        CP Time      (sec) =         14.422       Time  =  22:27:48        |
 |        Elapsed Time (sec) =        271.000       Date  =  01/11/2026      |
 |                                                                           |
 *---------------------------------------------------------------------------*
