/BATCH  
/COM,ANSYS RELEASE 2019 R2           BUILD 19.4      UP20190416       22:06:30
alls
/post1  
set,last
plnsol,s,eqv
/DIST, 1 ,1.082226,1
/REP,FAST   
/DIST, 1 ,1.082226,1
/REP,FAST   
/DIST, 1 ,1.082226,1
/REP,FAST   
/DIST, 1 ,1.082226,1
/REP,FAST   
/USER,  1   
/FOC,   1,   479.759272171    ,   564.131218102    ,   630.071892558
/VIEW,  1, -0.130720424123E-01, -0.892606755155    ,  0.450646538163
/ANG,   1,  -2.93987060669  
/FOC,   1,   521.041850804    ,   363.138291591    ,   233.157723302
/FOC,   1,   463.302292325    ,   328.825554561    ,   574.192787642
/VIEW,  1,  0.141821827931    , -0.933478578476    , -0.329399928125
/ANG,   1,  -154.591144030  
/FOC,   1,   353.937106693    ,   458.910989128    ,   158.460040346
/FOC,   1,   281.430117965    ,   422.328440405    ,  -47.0754102384
/VIEW,  1,  0.298161522319    , -0.952461393312    ,  0.625859477765E-01
/ANG,   1,  -77.4426577552  
/FOC,   1,   334.703297615    ,   399.294122553    ,  -86.7025534360
/VIEW,  1,  0.190593713864    , -0.968000033018    ,  0.163248192371
/ANG,   1,  -49.7297038800  
FINISH  
/CLE
/COM,ANSYS RELEASE 2019 R2           BUILD 19.4      UP20190416       22:06:50
/input,start,ans,'C:\Program Files\ANSYS Inc\v194\ANSYS\apdl\'  
/input,beso_2020,in 
/BATCH  
/COM,ANSYS RELEASE 2019 R2           BUILD 19.4      UP20190416       22:13:59
/input,beso_2020,in 
/BATCH  
/COM,ANSYS RELEASE 2019 R2           BUILD 19.4      UP20190416       22:15:02
FINISH  
! /EXIT,NOSAV   
/BATCH  
/COM,ANSYS RELEASE 2019 R2           BUILD 19.4      UP20190416       22:16:31
/BATCH  
/COM,ANSYS RELEASE 2019 R2           BUILD 19.4      UP20190416       22:23:20
/BATCH  
/COM,ANSYS RELEASE 2019 R2           BUILD 19.4      UP20190416       23:01:25
